<?xml version="1.0" encoding="UTF-8"?>
<!-- Generated by org.testng.reporters.JUnitReportReporter -->
<testsuite hostname="Giri" failures="0" tests="1" name="pageObjectModel.PageFactoryTC" time="2.038" errors="0" timestamp="2024-08-29T10:55:45 IST" skipped="0">
  <testcase classname="pageObjectModel.PageFactoryTC" name="testLogin" time="2.038"/>
</testsuite> <!-- pageObjectModel.PageFactoryTC -->
