<?xml version="1.0" encoding="UTF-8"?>
<!-- Generated by org.testng.reporters.JUnitReportReporter -->
<testsuite hostname="Giri" failures="0" tests="1" name="pageObjectModel.LoginTest" time="1.913" errors="0" timestamp="2024-08-29T10:07:14 IST" skipped="0">
  <testcase classname="pageObjectModel.LoginTest" name="testLogin" time="1.913"/>
</testsuite> <!-- pageObjectModel.LoginTest -->
