<?xml version="1.0" encoding="UTF-8"?>
<!-- Generated by org.testng.reporters.JUnitReportReporter -->
<testsuite hostname="Giri" failures="0" tests="3" name="batchTesting.LoginTest" time="0.023" errors="0" timestamp="2024-08-25T16:37:51 IST" skipped="0">
  <testcase classname="batchTesting.LoginTest" name="loginByX" time="0.005"/>
  <testcase classname="batchTesting.LoginTest" name="loginByFacebook" time="0.004"/>
  <testcase classname="batchTesting.LoginTest" name="loginByEmail" time="0.014"/>
</testsuite> <!-- batchTesting.LoginTest -->
