<?xml version="1.0" encoding="UTF-8"?>
<!-- Generated by org.testng.reporters.JUnitReportReporter -->
<testsuite hostname="Giri" failures="0" tests="2" name="batchTesting.PaymentsTest" time="0.004" errors="0" timestamp="2024-08-25T16:37:51 IST" skipped="0">
  <testcase classname="batchTesting.PaymentsTest" name="paymentInDollars" time="0.002"/>
  <testcase classname="batchTesting.PaymentsTest" name="paymentInRupees" time="0.002"/>
</testsuite> <!-- batchTesting.PaymentsTest -->
