<?xml version="1.0" encoding="UTF-8"?>
<!-- Generated by org.testng.reporters.JUnitReportReporter -->
<testsuite hostname="Giri" failures="0" tests="1" name="batchTesting.PaymentReturns" time="0.003" errors="0" timestamp="2024-08-25T16:37:51 IST" skipped="0">
  <testcase classname="batchTesting.PaymentReturns" name="paymentReturnedByBank" time="0.003"/>
</testsuite> <!-- batchTesting.PaymentReturns -->
