<?xml version="1.0" encoding="UTF-8"?>
<!-- Generated by org.testng.reporters.JUnitReportReporter -->
<testsuite hostname="Giri" failures="0" tests="2" name="annotations.AllInOneAnnotations" time="0.025" errors="0" timestamp="2024-09-03T14:49:53 IST" skipped="0">
  <testcase classname="annotations.AllInOneAnnotations" name="test1" time="0.020"/>
  <testcase classname="annotations.AllInOneAnnotations" name="test2" time="0.005"/>
</testsuite> <!-- annotations.AllInOneAnnotations -->
